2018-Feb-12 10:26:25.463953 INFO [simplewallet] Vesta wallet v1.1.1.1()
2018-Feb-12 10:26:45.811911 INFO [simplewallet] Vesta wallet v1.1.1.1()
2018-Feb-12 10:27:02.019577 INFO [simplewallet] Generated new wallet: VESTYxrsktJQQQ6wLDqAkxSM8wdR4KRoiTKbrLFvVXyfW4SEB4dE8C25M4MN88Pg9HS7cZzG6UXemgNotrhNmcBS84dnrPdtRf
2018-Feb-12 10:27:02.019577 INFO [simplewallet] view key: e130372cd4061dc26cde0370c88d20fca5d2b3ac2e81e1f96e730bbacef22c05
2018-Feb-12 10:27:02.019744 INFO [simplewallet] **********************************************************************
Your wallet has been generated.
Use "help" command to see the list of available commands.
Always use "exit" command when closing simplewallet to save
current session's state. Otherwise, you will possibly need to synchronize 
your wallet again. Your wallet key is NOT under risk anyway.
**********************************************************************
2018-Feb-12 10:27:21.659955 INFO [simplewallet] Wallet closed
2018-Feb-12 22:32:08.053011 INFO [simplewallet] Vesta wallet v1.1.1.1()
2018-Feb-13 00:05:31.785763 INFO [simplewallet] Vesta wallet v1.1.1.1()
2018-Feb-13 00:05:53.763994 INFO [simplewallet] Generated new wallet: VESTcgbQDN7VE8qJmmGyJfeuoMBXvEcF94NXwqdf7QkeQuhQNfzy3K1BBxySzg918yRD8gYB19kbv5sTDfGz7BZF3HfJ44vq8e
2018-Feb-13 00:05:53.763994 INFO [simplewallet] view key: 8b229bdf554f2b39e5b8825d86b17f896cfe639741ef9ccf85bdeb1c63755908
2018-Feb-13 00:05:53.764186 INFO [simplewallet] **********************************************************************
Your wallet has been generated.
Use "help" command to see the list of available commands.
Always use "exit" command when closing simplewallet to save
current session's state. Otherwise, you will possibly need to synchronize 
your wallet again. Your wallet key is NOT under risk anyway.
**********************************************************************
2018-Feb-13 00:06:10.198181 INFO [simplewallet] Commands: 
  address              Show current wallet public address
  balance              Show current wallet balance
  bc_height            Show blockchain height
  exit                 Close wallet
  help                 Show this help
  incoming_transfers   Show incoming transfers
  list_transfers       Show all known transfers
  payments             payments <payment_id_1> [<payment_id_2> ... <payment_id_N>] - Show payments <payment_id_1>, ... <payment_id_N>
  reset                Discard cache data and start synchronizing from the start
  save                 Save wallet synchronized data
  set_log              set_log <level> - Change current log level, <level> is a number 0-4
  start_mining         start_mining [<number_of_threads>] - Start mining in daemon
  stop_mining          Stop mining in daemon
  transfer             transfer <mixin_count> <addr_1> <amount_1> [<addr_2> <amount_2> ... <addr_N> <amount_N>] [-p payment_id] [-f fee] - Transfer <amount_1>,... <amount_N> to <address_1>,... <address_N>, respectively. <mixin_count> is the number of transactions yours is indistinguishable from (from 0 to maximum available)
  

2018-Feb-13 00:06:25.284118 INFO [simplewallet] Mining started in daemon
2018-Feb-13 00:06:32.716203 INFO [simplewallet] available balance: 0.00000000, locked amount: 0.00000000
2018-Feb-13 00:06:49.536576 INFO [simplewallet] available balance: 0.00000000, locked amount: 0.00000000
2018-Feb-13 00:07:02.111441 INFO [simplewallet] available balance: 0.00000000, locked amount: 0.00000000
2018-Feb-13 00:07:04.276593 INFO [simplewallet] Wallet closed
2018-Feb-13 00:10:21.359038 INFO [simplewallet] Vesta wallet v1.1.1.1()
2018-Feb-13 00:10:30.440937 INFO [simplewallet] Loading wallet...
2018-Feb-13 00:10:30.442514 ERROR [simplewallet] Error: wallet failed to connect to daemon (http://localhost:17778).
2018-Feb-13 00:10:30.470587 INFO [simplewallet] Opened wallet: VESTcgbQDN7VE8qJmmGyJfeuoMBXvEcF94NXwqdf7QkeQuhQNfzy3K1BBxySzg918yRD8gYB19kbv5sTDfGz7BZF3HfJ44vq8e
2018-Feb-13 00:10:30.470709 INFO [simplewallet] **********************************************************************
Use "help" command to see the list of available commands.
**********************************************************************
2018-Feb-13 00:10:37.960808 INFO [simplewallet] available balance: 0.00000000, locked amount: 0.00000000
2018-Feb-13 00:11:03.736396 INFO [simplewallet] Wallet closed
2018-Feb-13 00:11:33.088337 INFO [simplewallet] Vesta wallet v1.1.1.1()
2018-Feb-13 00:11:39.521784 ERROR [simplewallet] Error: failed to load wallet: wallet file 'wallet.bin.wallet' is not found
2018-Feb-13 00:11:39.522036 ERROR [simplewallet] Failed to initialize wallet
2018-Feb-13 00:11:39.522921 ERROR [simplewallet] Error: wallet failed to connect to daemon (http://localhost:17778).
2018-Feb-13 00:11:39.523295 ERROR [simplewallet] Error: wallet failed to connect to daemon (http://localhost:17778).
2018-Feb-13 00:12:38.213455 INFO [simplewallet] Vesta wallet v1.1.1.1()
2018-Feb-13 00:12:49.392814 INFO [simplewallet] Generated new wallet: VESTXdaFc8GCSGQDLHn8ycCpcknsfS5xaLtcJvE9gemSHGNB8tvkCcUMsX5AT4PXgrMrUvnjHwSK2adqiFe2a6Q88W4acrZ8jw
2018-Feb-13 00:12:49.392814 INFO [simplewallet] view key: c3179f01c9c9b9cd03c2ee38bab2d79d28b9fec034a8b0dc06d03c12080c8307
2018-Feb-13 00:12:49.393343 INFO [simplewallet] **********************************************************************
Your wallet has been generated.
Use "help" command to see the list of available commands.
Always use "exit" command when closing simplewallet to save
current session's state. Otherwise, you will possibly need to synchronize 
your wallet again. Your wallet key is NOT under risk anyway.
**********************************************************************
2018-Feb-13 00:12:53.303848 INFO [simplewallet] Commands: 
  address              Show current wallet public address
  balance              Show current wallet balance
  bc_height            Show blockchain height
  exit                 Close wallet
  help                 Show this help
  incoming_transfers   Show incoming transfers
  list_transfers       Show all known transfers
  payments             payments <payment_id_1> [<payment_id_2> ... <payment_id_N>] - Show payments <payment_id_1>, ... <payment_id_N>
  reset                Discard cache data and start synchronizing from the start
  save                 Save wallet synchronized data
  set_log              set_log <level> - Change current log level, <level> is a number 0-4
  start_mining         start_mining [<number_of_threads>] - Start mining in daemon
  stop_mining          Stop mining in daemon
  transfer             transfer <mixin_count> <addr_1> <amount_1> [<addr_2> <amount_2> ... <addr_N> <amount_N>] [-p payment_id] [-f fee] - Transfer <amount_1>,... <amount_N> to <address_1>,... <address_N>, respectively. <mixin_count> is the number of transactions yours is indistinguishable from (from 0 to maximum available)
  

2018-Feb-13 00:12:55.723108 INFO [simplewallet] Mining started in daemon
2018-Feb-13 00:12:59.366307 INFO [simplewallet] Height 1, transaction b2aad9287b02d56f1e5a13d515919a079e0447be7942df5c70945cac22b562ba, received 0.10000000
2018-Feb-13 00:12:59.366577 INFO [simplewallet] Height 2, transaction de6566d2d04873bfef3a7da25a5855e969a6f2dda224a8df2df9fc3d7515c11a, received 0.00000002
2018-Feb-13 00:12:59.366719 INFO [simplewallet] Height 3, transaction 626a3e0d35fd7dde4376c17d06a1d3b8fc3b68516b39ecb3204190e3c6fd0c9d, received 0.00000002
2018-Feb-13 00:12:59.366903 INFO [simplewallet] Height 4, transaction 765ff8d8d3aef42ced460e916f3cade8e75fc4dc4b8ce448718828b6360fad89, received 0.00000002
2018-Feb-13 00:15:15.015499 INFO [simplewallet] Wallet closed
2018-Feb-13 00:15:21.129663 INFO [simplewallet] Vesta wallet v1.1.1.1()
2018-Feb-13 00:15:29.192475 INFO [simplewallet] Loading wallet...
2018-Feb-13 00:15:29.231906 INFO [simplewallet] Opened wallet: VESTXdaFc8GCSGQDLHn8ycCpcknsfS5xaLtcJvE9gemSHGNB8tvkCcUMsX5AT4PXgrMrUvnjHwSK2adqiFe2a6Q88W4acrZ8jw
2018-Feb-13 00:15:29.232183 INFO [simplewallet] **********************************************************************
Use "help" command to see the list of available commands.
**********************************************************************
2018-Feb-13 00:15:33.795435 ERROR [simplewallet] Error: mining has NOT been started: Failed,miningnotstarted
2018-Feb-13 00:15:42.445233 INFO [simplewallet] available balance: 0.00000000, locked amount: 0.10000006
2018-Feb-13 00:15:51.012005 INFO [simplewallet] Wallet closed
2018-Feb-13 01:48:12.138569 INFO [simplewallet] Vesta wallet v1.1.1.1()
2018-Feb-13 01:48:30.707540 INFO [simplewallet] Loading wallet...
2018-Feb-13 01:48:30.711503 ERROR [simplewallet] Error: wallet failed to connect to daemon (http://localhost:17778).
2018-Feb-13 01:48:30.743574 INFO [simplewallet] Opened wallet: VESTXdaFc8GCSGQDLHn8ycCpcknsfS5xaLtcJvE9gemSHGNB8tvkCcUMsX5AT4PXgrMrUvnjHwSK2adqiFe2a6Q88W4acrZ8jw
2018-Feb-13 01:48:30.743736 INFO [simplewallet] **********************************************************************
Use "help" command to see the list of available commands.
**********************************************************************
2018-Feb-13 01:48:34.885557 INFO [simplewallet] Wallet closed
2018-Feb-13 01:50:23.816661 INFO [simplewallet] Vesta wallet v1.1.1.1()
2018-Feb-13 01:50:33.279915 ERROR [simplewallet] Error: failed to load wallet: wallet file 'wallet.bin.wallet' is not found
2018-Feb-13 01:50:33.280108 ERROR [simplewallet] Failed to initialize wallet
2018-Feb-13 01:50:33.282246 ERROR [simplewallet] Error: wallet failed to connect to daemon (http://localhost:17778).
2018-Feb-13 01:50:39.353756 INFO [simplewallet] Vesta wallet v1.1.1.1()
2018-Feb-13 01:50:48.379003 INFO [simplewallet] Generated new wallet: VESTSK2C2s6iDZ6xMMk8jnftGv6KoBYJcY6djGQ6ZNoC1afy67SFAM6XtYHqKjjUMqW7GzDRxgJj8EQH2N8uVmNm2PSSkcFvfo
2018-Feb-13 01:50:48.379003 INFO [simplewallet] view key: 34691d838490b4df326465b1ca78a5f11ced1ca0324ebfa5ca27f8dcf66a0301
2018-Feb-13 01:50:48.379147 INFO [simplewallet] **********************************************************************
Your wallet has been generated.
Use "help" command to see the list of available commands.
Always use "exit" command when closing simplewallet to save
current session's state. Otherwise, you will possibly need to synchronize 
your wallet again. Your wallet key is NOT under risk anyway.
**********************************************************************
2018-Feb-13 01:51:03.212407 INFO [simplewallet] Mining started in daemon
2018-Feb-13 01:51:03.360631 INFO [simplewallet] Height 1, transaction a8af2d97e597b0e1ea815085c8ab3ee0dd730b13a3cc5309cbc98a69e0fab718, received 12000000.00000000
2018-Feb-13 01:51:03.360767 INFO [simplewallet] Height 2, transaction 9f0fb5fba45b9a8f9c15133600df2840a8657bfab098ac60474dde8eb48118f5, received 5.72204589
2018-Feb-13 01:51:06.262482 INFO [simplewallet] Mining stopped in daemon
2018-Feb-13 01:51:08.364319 INFO [simplewallet] Height 3, transaction 8a24677dd6e35e577055e584b3553a3b53f507935bcaac7a04e6c4dfa0b96494, received 5.72204316
2018-Feb-13 01:54:06.091853 INFO [simplewallet] Wallet closed
2018-Feb-13 02:48:55.915671 INFO [simplewallet] Vesta wallet v1.1.1.1()
2018-Feb-13 02:49:07.440087 ERROR [simplewallet] Error: wallet failed to connect to daemon (http://localhost:17778).
2018-Feb-13 02:49:07.469228 INFO [simplewallet] Generated new wallet: VESTRvda8BDGQaXx2BqGQLVKmnutKwDBKbT42sHrYofthCb1dVZtEaALEXAViEZqJyZq4EsGy2HwrhaiK7kPGDe56gWJM6eu5g
2018-Feb-13 02:49:07.469228 INFO [simplewallet] view key: fe9fa2425cfeabf45782803a7983428dc451faad5ea5f41f669678a2cb75a90e
2018-Feb-13 02:49:07.469348 INFO [simplewallet] **********************************************************************
Your wallet has been generated.
Use "help" command to see the list of available commands.
Always use "exit" command when closing simplewallet to save
current session's state. Otherwise, you will possibly need to synchronize 
your wallet again. Your wallet key is NOT under risk anyway.
**********************************************************************
2018-Feb-13 02:49:13.826229 INFO [simplewallet] Wallet closed
2018-Feb-13 02:50:13.058885 INFO [simplewallet] Vesta wallet v1.1.1.1()
2018-Feb-13 02:50:21.710212 INFO [simplewallet] Loading wallet...
2018-Feb-13 02:50:21.739650 INFO [simplewallet] Opened wallet: VESTRvda8BDGQaXx2BqGQLVKmnutKwDBKbT42sHrYofthCb1dVZtEaALEXAViEZqJyZq4EsGy2HwrhaiK7kPGDe56gWJM6eu5g
2018-Feb-13 02:50:21.739776 INFO [simplewallet] **********************************************************************
Use "help" command to see the list of available commands.
**********************************************************************
2018-Feb-13 02:50:48.907803 ERROR [simplewallet] Error: invalid arguments. Please use start_mining [<number_of_threads>], <number_of_threads> should be from 1 to 2
2018-Feb-13 02:51:03.765690 INFO [simplewallet] Mining started in daemon
2018-Feb-13 02:51:04.167450 INFO [simplewallet] Mining stopped in daemon
2018-Feb-13 02:51:06.732426 INFO [simplewallet] Height 1, transaction 5e900933e91cf8839659a9bf163d139ef991b49c6502259c4d5ff16adbadd55b, received 480000.00000000
2018-Feb-13 02:51:06.732588 INFO [simplewallet] Height 2, transaction eda7584b5b3b0299bf367451630e00875ab86f501ed328e0f4d80295da1ed72b, received 11.21520996
2018-Feb-13 02:54:08.019424 INFO [simplewallet] available balance: 0.00000000, locked amount: 480011.21520996
2018-Feb-13 02:57:37.011592 INFO [simplewallet] Wallet closed
2018-Feb-13 07:29:21.190798 INFO [simplewallet] Vesta wallet v1.1.1.1()
2018-Feb-13 07:29:28.562336 INFO [simplewallet] Loading wallet...
2018-Feb-13 07:29:28.591957 INFO [simplewallet] Opened wallet: VESTRvda8BDGQaXx2BqGQLVKmnutKwDBKbT42sHrYofthCb1dVZtEaALEXAViEZqJyZq4EsGy2HwrhaiK7kPGDe56gWJM6eu5g
2018-Feb-13 07:29:28.592197 INFO [simplewallet] **********************************************************************
Use "help" command to see the list of available commands.
**********************************************************************
2018-Feb-13 07:29:42.898517 INFO [simplewallet] available balance: 0.00000000, locked amount: 480011.21520996
2018-Feb-13 08:00:07.386612 INFO [simplewallet] Wallet closed
2018-Feb-13 08:55:55.708664 INFO [simplewallet] Vesta wallet v1.1.1.1()
2018-Feb-13 08:56:07.252364 INFO [simplewallet] Loading wallet...
2018-Feb-13 08:56:07.285133 INFO [simplewallet] Opened wallet: VESTRvda8BDGQaXx2BqGQLVKmnutKwDBKbT42sHrYofthCb1dVZtEaALEXAViEZqJyZq4EsGy2HwrhaiK7kPGDe56gWJM6eu5g
2018-Feb-13 08:56:07.285310 INFO [simplewallet] **********************************************************************
Use "help" command to see the list of available commands.
**********************************************************************
2018-Feb-13 08:56:11.284447 INFO [simplewallet] Mining started in daemon
2018-Feb-13 08:56:22.395073 INFO [simplewallet] Wallet closed
2018-Feb-13 09:01:04.770147 INFO [simplewallet] Vesta wallet v1.1.1.1()
2018-Feb-13 09:01:13.623725 INFO [simplewallet] Loading wallet...
2018-Feb-13 09:01:13.625251 ERROR [simplewallet] Error: wallet failed to connect to daemon (http://localhost:17778).
2018-Feb-13 09:01:13.654240 INFO [simplewallet] Opened wallet: VESTRvda8BDGQaXx2BqGQLVKmnutKwDBKbT42sHrYofthCb1dVZtEaALEXAViEZqJyZq4EsGy2HwrhaiK7kPGDe56gWJM6eu5g
2018-Feb-13 09:01:13.654334 INFO [simplewallet] **********************************************************************
Use "help" command to see the list of available commands.
**********************************************************************
2018-Feb-13 09:01:17.661820 INFO [simplewallet] available balance: 480011.21520996, locked amount: 0.00000000
2018-Feb-13 09:01:22.900658 INFO [simplewallet] Wallet closed
2018-Feb-13 19:27:33.284025 INFO [simplewallet] Vesta wallet v1.1.1.1()
2018-Feb-13 19:27:43.448467 INFO [simplewallet] Loading wallet...
2018-Feb-13 19:27:43.484314 INFO [simplewallet] Opened wallet: VESTRvda8BDGQaXx2BqGQLVKmnutKwDBKbT42sHrYofthCb1dVZtEaALEXAViEZqJyZq4EsGy2HwrhaiK7kPGDe56gWJM6eu5g
2018-Feb-13 19:27:43.484542 INFO [simplewallet] **********************************************************************
Use "help" command to see the list of available commands.
**********************************************************************
2018-Feb-13 19:27:45.684181 INFO [simplewallet] Commands: 
  address              Show current wallet public address
  balance              Show current wallet balance
  bc_height            Show blockchain height
  exit                 Close wallet
  help                 Show this help
  incoming_transfers   Show incoming transfers
  list_transfers       Show all known transfers
  payments             payments <payment_id_1> [<payment_id_2> ... <payment_id_N>] - Show payments <payment_id_1>, ... <payment_id_N>
  reset                Discard cache data and start synchronizing from the start
  save                 Save wallet synchronized data
  set_log              set_log <level> - Change current log level, <level> is a number 0-4
  start_mining         start_mining [<number_of_threads>] - Start mining in daemon
  stop_mining          Stop mining in daemon
  transfer             transfer <mixin_count> <addr_1> <amount_1> [<addr_2> <amount_2> ... <addr_N> <amount_N>] [-p payment_id] [-f fee] - Transfer <amount_1>,... <amount_N> to <address_1>,... <address_N>, respectively. <mixin_count> is the number of transactions yours is indistinguishable from (from 0 to maximum available)
  

2018-Feb-13 19:28:12.659436 INFO [simplewallet] Money successfully sent, transaction fb2165141276aaad66e0d336a21bd2c21116d66ab12bd8b6042dd57d6577bae8
2018-Feb-13 19:28:34.083407 INFO [simplewallet] available balance: 400010.20500996, locked amount: 79501.01019000
2018-Feb-14 04:37:07.363549 INFO [simplewallet] Commands: 
  address              Show current wallet public address
  balance              Show current wallet balance
  bc_height            Show blockchain height
  exit                 Close wallet
  help                 Show this help
  incoming_transfers   Show incoming transfers
  list_transfers       Show all known transfers
  payments             payments <payment_id_1> [<payment_id_2> ... <payment_id_N>] - Show payments <payment_id_1>, ... <payment_id_N>
  reset                Discard cache data and start synchronizing from the start
  save                 Save wallet synchronized data
  set_log              set_log <level> - Change current log level, <level> is a number 0-4
  start_mining         start_mining [<number_of_threads>] - Start mining in daemon
  stop_mining          Stop mining in daemon
  transfer             transfer <mixin_count> <addr_1> <amount_1> [<addr_2> <amount_2> ... <addr_N> <amount_N>] [-p payment_id] [-f fee] - Transfer <amount_1>,... <amount_N> to <address_1>,... <address_N>, respectively. <mixin_count> is the number of transactions yours is indistinguishable from (from 0 to maximum available)
  

2018-Feb-14 04:37:25.140724 INFO [simplewallet] Wallet closed
2018-Feb-16 09:25:07.023245 INFO [simplewallet] Vesta wallet v1.1.1.1()
2018-Feb-16 09:25:15.795252 INFO [simplewallet] Loading wallet...
2018-Feb-16 09:25:15.830121 ERROR [simplewallet] Error: failed to load wallet: can't load wallet file 'wallet.bin.wallet', check password
2018-Feb-16 09:25:15.830262 ERROR [simplewallet] Failed to initialize wallet
2018-Feb-16 09:25:15.891242 ERROR [simplewallet] Error: wallet failed to connect to daemon (http://localhost:17778).
2018-Feb-16 09:25:23.927006 INFO [simplewallet] Vesta wallet v1.1.1.1()
2018-Feb-16 09:25:32.424688 INFO [simplewallet] Loading wallet...
2018-Feb-16 09:25:32.459773 INFO [simplewallet] Opened wallet: VESTRvda8BDGQaXx2BqGQLVKmnutKwDBKbT42sHrYofthCb1dVZtEaALEXAViEZqJyZq4EsGy2HwrhaiK7kPGDe56gWJM6eu5g
2018-Feb-16 09:25:32.460033 INFO [simplewallet] **********************************************************************
Use "help" command to see the list of available commands.
**********************************************************************
2018-Feb-16 09:25:37.455832 INFO [simplewallet] available balance: 479511.21519996, locked amount: 0.00000000
2018-Feb-16 09:25:57.483218 INFO [simplewallet] Commands: 
  address              Show current wallet public address
  balance              Show current wallet balance
  bc_height            Show blockchain height
  exit                 Close wallet
  help                 Show this help
  incoming_transfers   Show incoming transfers
  list_transfers       Show all known transfers
  payments             payments <payment_id_1> [<payment_id_2> ... <payment_id_N>] - Show payments <payment_id_1>, ... <payment_id_N>
  reset                Discard cache data and start synchronizing from the start
  save                 Save wallet synchronized data
  set_log              set_log <level> - Change current log level, <level> is a number 0-4
  start_mining         start_mining [<number_of_threads>] - Start mining in daemon
  stop_mining          Stop mining in daemon
  transfer             transfer <mixin_count> <addr_1> <amount_1> [<addr_2> <amount_2> ... <addr_N> <amount_N>] [-p payment_id] [-f fee] - Transfer <amount_1>,... <amount_N> to <address_1>,... <address_N>, respectively. <mixin_count> is the number of transactions yours is indistinguishable from (from 0 to maximum available)
  

2018-Feb-16 09:26:10.918272 ERROR [simplewallet] mixin_count should be non-negative integer, got VESTUPXL3NKEhRN8KSsYfDMJ7kV7JVaXAYoPJrCDhg9XgnkCtdwYBm7Qd86KY8xfRrh5M1Qt4sKLVcqsR8p6FZvs5nhdVeeGXS
2018-Feb-16 09:26:21.373611 INFO [simplewallet] Money successfully sent, transaction 59e493c0aabb4f4ef5e0dc7a6e9a1b4db1bfa2b2741b9f0f0f39f9d6dbf6db58
2018-Feb-16 09:34:17.163088 INFO [simplewallet] Commands: 
  address              Show current wallet public address
  balance              Show current wallet balance
  bc_height            Show blockchain height
  exit                 Close wallet
  help                 Show this help
  incoming_transfers   Show incoming transfers
  list_transfers       Show all known transfers
  payments             payments <payment_id_1> [<payment_id_2> ... <payment_id_N>] - Show payments <payment_id_1>, ... <payment_id_N>
  reset                Discard cache data and start synchronizing from the start
  save                 Save wallet synchronized data
  set_log              set_log <level> - Change current log level, <level> is a number 0-4
  start_mining         start_mining [<number_of_threads>] - Start mining in daemon
  stop_mining          Stop mining in daemon
  transfer             transfer <mixin_count> <addr_1> <amount_1> [<addr_2> <amount_2> ... <addr_N> <amount_N>] [-p payment_id] [-f fee] - Transfer <amount_1>,... <amount_N> to <address_1>,... <address_N>, respectively. <mixin_count> is the number of transactions yours is indistinguishable from (from 0 to maximum available)
  

2018-Feb-16 09:34:59.766652 INFO [simplewallet] Wallet closed
2018-Feb-16 21:19:27.564136 INFO [simplewallet] Vesta wallet v1.1.1.1()
2018-Feb-16 21:19:36.884820 INFO [simplewallet] Loading wallet...
2018-Feb-16 21:19:36.924708 INFO [simplewallet] Opened wallet: VESTRvda8BDGQaXx2BqGQLVKmnutKwDBKbT42sHrYofthCb1dVZtEaALEXAViEZqJyZq4EsGy2HwrhaiK7kPGDe56gWJM6eu5g
2018-Feb-16 21:19:36.924806 INFO [simplewallet] **********************************************************************
Use "help" command to see the list of available commands.
**********************************************************************
2018-Feb-16 21:19:40.186087 INFO [simplewallet] available balance: 479411.21518996, locked amount: 0.00000000
2018-Feb-16 21:20:30.961412 INFO [simplewallet] Money successfully sent, transaction c3e5f8b9be0c698a0a4dfcbc318cae894bb25cad4bb7716f5be960a747b9cd82
2018-Feb-17 04:40:52.500647 INFO [simplewallet] Vesta wallet v1.1.1.1()
2018-Feb-17 04:41:33.125026 INFO [simplewallet] Vesta wallet v1.1.1.1()
2018-Feb-17 04:41:41.171741 INFO [simplewallet] Loading wallet...
2018-Feb-17 04:41:41.216226 INFO [simplewallet] Opened wallet: VESTRvda8BDGQaXx2BqGQLVKmnutKwDBKbT42sHrYofthCb1dVZtEaALEXAViEZqJyZq4EsGy2HwrhaiK7kPGDe56gWJM6eu5g
2018-Feb-17 04:41:41.216441 INFO [simplewallet] **********************************************************************
Use "help" command to see the list of available commands.
**********************************************************************
2018-Feb-17 04:41:43.226103 INFO [simplewallet] Commands: 
  address              Show current wallet public address
  balance              Show current wallet balance
  bc_height            Show blockchain height
  exit                 Close wallet
  help                 Show this help
  incoming_transfers   Show incoming transfers
  list_transfers       Show all known transfers
  payments             payments <payment_id_1> [<payment_id_2> ... <payment_id_N>] - Show payments <payment_id_1>, ... <payment_id_N>
  reset                Discard cache data and start synchronizing from the start
  save                 Save wallet synchronized data
  set_log              set_log <level> - Change current log level, <level> is a number 0-4
  start_mining         start_mining [<number_of_threads>] - Start mining in daemon
  stop_mining          Stop mining in daemon
  transfer             transfer <mixin_count> <addr_1> <amount_1> [<addr_2> <amount_2> ... <addr_N> <amount_N>] [-p payment_id] [-f fee] - Transfer <amount_1>,... <amount_N> to <address_1>,... <address_N>, respectively. <mixin_count> is the number of transactions yours is indistinguishable from (from 0 to maximum available)
  

2018-Feb-17 04:42:03.414596 INFO [simplewallet] Wallet closed
